2026-01-16 11:35:11,869 - tools.ifind_tool - INFO - === 开始获取基差数据 ===
2026-01-16 11:35:11,869 - tools.ifind_tool - DEBUG - 请求参数:
2026-01-16 11:35:11,869 - tools.ifind_tool - DEBUG -   指标数量: 209
2026-01-16 11:35:11,869 - tools.ifind_tool - DEBUG -   指标列表: ['S004302825', 'S004302857', 'S006824536', 'S006824532', 'S004494136', 'S004302822', 'S002861327', 'S007247429', 'S004302805', 'S004302826', 'S004302850', 'S004302820', 'S006899687', 'S004156245', 'S006824524', 'S004494141', 'S004069732', 'S018556807', 'S004302829', 'S006824526', 'S004302863', 'S012195629', 'S006824505', 'S004302816', 'S004494143', 'S004162657', 'S019294526', 'S004302833', 'S004302803', 'S006824527', 'S006824528', 'S002861342', 'S006824509', 'S006824515', 'S003715031', 'S002861337', 'S004494131', 'S004302845', 'S004494133', 'S003715029', 'S006824497', 'S004302869', 'S004302855', 'S004494138', 'S006824487', 'S006853447', 'S006824496', 'S004494132', 'S019294528', 'S010863418', 'S012195606', 'S006824492', 'S004302819', 'S019294529', 'S004302798', 'S007247455', 'S004157068', 'S004069734', 'S006824529', 'S004302800', 'S004069735', 'S004069731', 'S004241720', 'S004302823', 'S004302827', 'S004302810', 'S006899684', 'S012195585', 'S004302809', 'S006824502', 'S004494137', 'S016696684', 'S006853442', 'S006824504', 'S006824503', 'S004302840', 'S004302799', 'S004302828', 'S010863412', 'S004302813', 'S016936189', 'S004302867', 'S010471397', 'S004302824', 'S006899685', 'S019294527', 'S006824535', 'S007247476', 'S004302856', 'S002861333', 'S006824537', 'S004302836', 'S006824499', 'S004302853', 'S002861322', 'S010863415', 'S006824508', 'S004241719', 'S004302858', 'S010863403', 'S012195705', 'S004494134', 'S006853446', 'S006824506', 'S016936188', 'S004162658', 'S004494144', 'S006824500', 'S004302811', 'S004302807', 'S004302802', 'S016696681', 'S010863424', 'S016696683', 'S006824491', 'S004302859', 'S004494139', 'S006899688', 'S007247459', 'S004302865', 'S006899683', 'S004241721', 'S004302854', 'S006853440', 'S004069733', 'S006853441', 'S012195681', 'S004156257', 'S004302801', 'S012195572', 'S004069736', 'S006853439', 'S004302841', 'S006824514', 'S006824489', 'S006824530', 'S004302849', 'S006824501', 'S004302795', 'S004494135', 'S010471394', 'S007247423', 'S004302808', 'S004302847', 'S006899682', 'S006824507', 'S004302835', 'S002861329', 'S010863427', 'S006853448', 'S004302846', 'S006824495', 'S004302821', 'S004302817', 'S003715030', 'S004494146', 'S004157065', 'S006824513', 'S010863421', 'S006824531', 'S007247253', 'S006899686', 'S004302839', 'S002861347', 'S004302852', 'S004494145', 'S006824510', 'S016696682', 'S004302797', 'S004494142', 'S012195630', 'S006824494', 'S002861334', 'S004302815', 'S012195660', 'S004302804', 'S004302793', 'S004302818', 'S006824522', 'S004157062', 'S006853438', 'S006824534', 'S012195704', 'S006853443', 'S006853445', 'S012195647', 'S006824498', 'S004302848', 'S004302843', 'S004302806', 'S004302870', 'S004302860', 'S006853444', 'S004302866', 'S002861338', 'S002861346', 'S006824525', 'S003715032', 'S006853437', 'S006824488', 'S004302837', 'S004302861', 'S004302851', 'S002861330', 'S006824493', 'S002861328', 'S010863409', 'S010863406', 'S004494140']
2026-01-16 11:35:11,871 - tools.ifind_tool - DEBUG -   时间范围: 2025-10-18 至 2026-01-16
2026-01-16 11:35:13,596 - tools.ifind_tool - INFO - API响应结构: ['errorcode', 'errmsg', 'tables', 'datatype', 'inputParams', 'perf', 'dataVol']
2026-01-16 11:35:13,601 - tools.ifind_tool - DEBUG - 完整API响应: {"errorcode": 0, "errmsg": "success", "tables": [{"id": ["S004302825"], "time": ["2026-01-09", "2026-01-02", "2025-12-26", "2025-12-19", "2025-12-12", "2025-12-05", "2025-11-28", "2025-11-21", "2025-11-14", "2025-11-07", "2025-10-31", "2025-10-24"], "value": ["0.0", "0.0", "0.0", "0.0", "0.0", "0.0", "0.0", "0.0", "0.0", "0.0", "0.0", "0.0"], "rtime": ["2026-01-10 16:15:04", "2025-12-31 16:15:06", "2025-12-26 16:15:08", "2025-12-19 16:15:10", "2025-12-12 16:15:09", "2025-12-05 16:15:08", "2025-1...
2026-01-16 11:35:13,601 - tools.ifind_tool - INFO - === 基差原始数据内容 ===
2026-01-16 11:35:13,601 - tools.ifind_tool - INFO - 表格 1:
2026-01-16 11:35:13,601 - tools.ifind_tool - INFO -   THS代码: N/A
2026-01-16 11:35:13,601 - tools.ifind_tool - INFO -   数据类型: []
2026-01-16 11:35:13,601 - tools.ifind_tool - INFO -   时间字段: ['2026-01-09', '2026-01-02', '2025-12-26', '2025-12-19', '2025-12-12', '2025-12-05', '2025-11-28', '2025-11-21', '2025-11-14', '2025-11-07']...
2026-01-16 11:35:13,602 - tools.ifind_tool - INFO -   表格 1 完整数据: {
  "id": [
    "S004302825"
  ],
  "time": [
    "2026-01-09",
    "2026-01-02",
    "2025-12-26",
    "2025-12-19",
    "2025-12-12",
    "2025-12-05",
    "2025-11-28",
    "2025-11-21",
    "2025-11-14",
    "2025-11-07",
    "2025-10-31",
    "2025-10-24"
  ],
  "value": [
    "0.0",
    "0.0",
    "0.0",
    "0.0",
    "0.0",
    "0.0",
    "0.0",
    "0.0",
    "0.0",
    "0.0",
    "0.0",
    "0.0"
  ],
  "rtime": [
    "2026-01-10 16:15:04",
    "2025-12-31 16:15:06",
    "2025-12-26 16:15:08",
    "2025-12-19 16:15:10",
    "2025-12-12 16:15:09",
    "2025-12-05 16:15:08",
    "2025-11-28 16:15:06",
    "2025-11-21 16:15:04",
    "2025-11-14 16:15:05",
    "2025-11-07 16:15:05",
    "2025-10-31 16:15:04",
    "2025-10-24 16:15:03"
  ],
  "index_name": [
    "期货库存:沥青:仓库:山东:中化弘润",
    "期货库存:沥青:仓库:山东:中化弘润",
    "期货库存:沥青:仓库:山东:中化弘润",
    "期货库存:沥青:仓库:山东:中化弘润",
    "期货库存:沥青:仓库:山东:中化弘润",
    "期货库存:沥青:仓库:山东:中化弘润",
    "期货库存:沥青:仓库:山东:中化弘润",
    "期货库存:沥青:仓库:山东:中化弘润",
    "期货库存:沥青:仓库:山东...
2026-01-16 11:35:13,602 - tools.ifind_tool - INFO - 表格 2:
2026-01-16 11:35:13,602 - tools.ifind_tool - INFO -   THS代码: N/A
2026-01-16 11:35:13,602 - tools.ifind_tool - INFO -   数据类型: []
2026-01-16 11:35:13,602 - tools.ifind_tool - INFO -   时间字段: ['2026-01-09', '2026-01-02', '2025-12-26', '2025-12-19', '2025-12-12', '2025-12-05', '2025-11-28', '2025-11-21', '2025-11-14', '2025-11-07']...
2026-01-16 11:35:13,602 - tools.ifind_tool - INFO -   表格 2 完整数据: {
  "id": [
    "S004302857"
  ],
  "time": [
    "2026-01-09",
    "2026-01-02",
    "2025-12-26",
    "2025-12-19",
    "2025-12-12",
    "2025-12-05",
    "2025-11-28",
    "2025-11-21",
    "2025-11-14",
    "2025-11-07",
    "2025-10-31",
    "2025-10-24"
  ],
  "value": [
    "11600.0",
    "11600.0",
    "11600.0",
    "11600.0",
    "11600.0",
    "11600.0",
    "11600.0",
    "11600.0",
    "11600.0",
    "11600.0",
    "11600.0",
    "11600.0"
  ],
  "rtime": [
    "2026-01-10 16:15:04",
    "2025-12-31 16:15:06",
    "2025-12-26 17:15:24",
    "2025-12-19 16:15:10",
    "2025-12-12 16:15:09",
    "2025-12-05 18:15:23",
    "2025-11-28 16:15:06",
    "2025-11-21 18:15:07",
    "2025-11-14 16:15:05",
    "2025-11-07 16:15:05",
    "2025-10-31 16:15:04",
    "2025-10-24 16:15:03"
  ],
  "index_name": [
    "可用库容量:沥青:仓库:安徽:环宇沥青",
    "可用库容量:沥青:仓库:安徽:环宇沥青",
    "可用库容量:沥青:仓库:安徽:环宇沥青",
    "可用库容量:沥青:仓库:安徽:环宇沥青",
    "可用库容量:沥青:仓库:安徽:环宇沥青",
    "可用库容量:沥青:仓库:安徽:环宇沥青",
    "可用库容量:沥青:仓库...
2026-01-16 11:35:13,602 - tools.ifind_tool - INFO - 表格 3:
2026-01-16 11:35:13,603 - tools.ifind_tool - INFO -   THS代码: N/A
2026-01-16 11:35:13,603 - tools.ifind_tool - INFO -   数据类型: []
2026-01-16 11:35:13,603 - tools.ifind_tool - INFO -   时间字段: []...
2026-01-16 11:35:13,603 - tools.ifind_tool - INFO -   表格 3 完整数据: {
  "id": [
    "S006824536"
  ],
  "time": [],
  "value": [],
  "rtime": [],
  "index_name": []
}...
2026-01-16 11:35:13,603 - tools.ifind_tool - INFO - 表格 4:
2026-01-16 11:35:13,603 - tools.ifind_tool - INFO -   THS代码: N/A
2026-01-16 11:35:13,603 - tools.ifind_tool - INFO -   数据类型: []
2026-01-16 11:35:13,603 - tools.ifind_tool - INFO -   时间字段: []...
2026-01-16 11:35:13,604 - tools.ifind_tool - INFO -   表格 4 完整数据: {
  "id": [
    "S006824532"
  ],
  "time": [],
  "value": [],
  "rtime": [],
  "index_name": []
}...
2026-01-16 11:35:13,604 - tools.ifind_tool - INFO - 表格 5:
2026-01-16 11:35:13,604 - tools.ifind_tool - INFO -   THS代码: N/A
2026-01-16 11:35:13,604 - tools.ifind_tool - INFO -   数据类型: []
2026-01-16 11:35:13,604 - tools.ifind_tool - INFO -   时间字段: ['2026-01-16', '2026-01-09', '2026-01-02', '2025-12-26', '2025-12-19', '2025-12-12', '2025-12-05', '2025-11-28', '2025-11-21', '2025-11-14']...
2026-01-16 11:35:13,604 - tools.ifind_tool - INFO -   表格 5 完整数据: {
  "id": [
    "S004494136"
  ],
  "time": [
    "2026-01-16",
    "2026-01-09",
    "2026-01-02",
    "2025-12-26",
    "2025-12-19",
    "2025-12-12",
    "2025-12-05",
    "2025-11-28",
    "2025-11-21",
    "2025-11-14",
    "2025-11-07",
    "2025-10-31",
    "2025-10-24"
  ],
  "value": [
    "7.2",
    "7.6",
    "7.9",
    "8.5",
    "8.3",
    "8.5",
    "9.2",
    "9.9",
    "10.3",
    "10.0",
    "10.8",
    "11.3",
    "12.1"
  ],
  "rtime": [
    "2026-01-13 02:29:04",
    "2026-01-06 02:34:45",
    "2025-12-30 02:36:17",
    "2025-12-23 02:36:23",
    "2025-12-16 02:33:41",
    "2025-12-09 02:35:22",
    "2025-12-02 02:35:33",
    "2025-11-25 02:33:09",
    "2025-11-18 02:32:55",
    "2025-11-10 17:08:43",
    "2025-11-04 02:38:06",
    "2025-10-28 02:37:51",
    "2025-10-21 00:43:21"
  ],
  "index_name": [
    "社会库存:沥青:国内样本企业:华南地区:期末值",
    "社会库存:沥青:国内样本企业:华南地区:期末值",
    "社会库存:沥青:国内样本企业:华南地区:期末值",
    "社会库存:沥青:国内样本企业:华南地区:期末值",
    "社会库存:沥青:国内样本企业:华南地区:期末值",
    "社会库存:...
2026-01-16 11:35:13,604 - tools.ifind_tool - INFO - === 基差数据获取完成 ===
